2021-09-28 10:38:52.501 [ background-preinit ] - [ INFO  ] [ org.hibernate.validator.internal.util.Version : 21 ] - HV000001: Hibernate Validator 6.2.0.Final
2021-09-28 10:38:52.503 [ main ] - [ INFO  ] [ com.guomz.missyou.MissyouApplication : 55 ] - Starting MissyouApplication using Java 1.8.0_291 on guomingzhedeMacBook-Air.local with PID 2174 (/Users/guomingzhe/javaProject/missyou/target/classes started by guomingzhe in /Users/guomingzhe/javaProject/missyou)
2021-09-28 10:38:52.505 [ main ] - [ INFO  ] [ com.guomz.missyou.MissyouApplication : 659 ] - No active profile set, falling back to default profiles: default
2021-09-28 10:38:54.606 [ main ] - [ INFO  ] [ org.apache.coyote.http11.Http11NioProtocol : 173 ] - Initializing ProtocolHandler ["http-nio-8080"]
2021-09-28 10:38:54.608 [ main ] - [ INFO  ] [ org.apache.catalina.core.StandardService : 173 ] - Starting service [Tomcat]
2021-09-28 10:38:54.608 [ main ] - [ INFO  ] [ org.apache.catalina.core.StandardEngine : 173 ] - Starting Servlet engine: [Apache Tomcat/9.0.52]
2021-09-28 10:38:54.688 [ main ] - [ INFO  ] [ o.a.c.core.ContainerBase.[Tomcat].[localhost].[/] : 173 ] - Initializing Spring embedded WebApplicationContext
2021-09-28 10:38:54.902 [ main ] - [ INFO  ] [ org.hibernate.jpa.internal.util.LogHelper : 31 ] - HHH000204: Processing PersistenceUnitInfo [name: default]
2021-09-28 10:38:54.932 [ main ] - [ INFO  ] [ org.hibernate.Version : 44 ] - HHH000412: Hibernate ORM core version 5.4.32.Final
2021-09-28 10:38:55.004 [ main ] - [ INFO  ] [ org.hibernate.annotations.common.Version : 56 ] - HCANN000001: Hibernate Commons Annotations {5.1.2.Final}
2021-09-28 10:38:55.089 [ main ] - [ INFO  ] [ com.alibaba.druid.pool.DruidDataSource : 990 ] - {dataSource-1} inited
2021-09-28 10:39:02.117 [ main ] - [ INFO  ] [ org.hibernate.dialect.Dialect : 175 ] - HHH000400: Using dialect: org.hibernate.dialect.MySQL8Dialect
2021-09-28 10:39:03.111 [ main ] - [ INFO  ] [ o.h.e.t.jta.platform.internal.JtaPlatformInitiator : 52 ] - HHH000490: Using JtaPlatform implementation: [org.hibernate.engine.transaction.jta.platform.internal.NoJtaPlatform]
2021-09-28 10:39:06.269 [ main ] - [ INFO  ] [ s.d.s.w.PropertySourcedRequestMappingHandlerMapping : 69 ] - Mapped URL path [/v2/api-docs] onto method [springfox.documentation.swagger2.web.Swagger2Controller#getDocumentation(String, HttpServletRequest)]
2021-09-28 10:39:06.611 [ main ] - [ INFO  ] [ org.apache.coyote.http11.Http11NioProtocol : 173 ] - Starting ProtocolHandler ["http-nio-8080"]
2021-09-28 10:39:06.624 [ main ] - [ INFO  ] [ s.d.s.web.plugins.DocumentationPluginsBootstrapper : 160 ] - Context refreshed
2021-09-28 10:39:06.633 [ main ] - [ INFO  ] [ s.d.s.web.plugins.DocumentationPluginsBootstrapper : 163 ] - Found 1 custom documentation plugin(s)
2021-09-28 10:39:06.650 [ main ] - [ INFO  ] [ s.d.spring.web.scanners.ApiListingReferenceScanner : 41 ] - Scanning for api listing references
2021-09-28 10:39:06.990 [ main ] - [ INFO  ] [ s.d.s.w.r.operation.CachingOperationNameGenerator : 40 ] - Generating unique operation named: getByCategoryUsingGET_1
2021-09-28 10:39:07.693 [ main ] - [ INFO  ] [ com.guomz.missyou.MissyouApplication : 61 ] - Started MissyouApplication in 15.517 seconds (JVM running for 16.185)
2021-09-28 10:42:54.510 [ SpringApplicationShutdownHook ] - [ INFO  ] [ com.alibaba.druid.pool.DruidDataSource : 2043 ] - {dataSource-1} closing ...
2021-09-28 10:42:54.524 [ SpringApplicationShutdownHook ] - [ INFO  ] [ com.alibaba.druid.pool.DruidDataSource : 2116 ] - {dataSource-1} closed
2021-09-28 10:58:25.799 [ main ] - [ INFO  ] [ com.guomz.missyou.MissyouApplication : 55 ] - Starting MissyouApplication using Java 1.8.0_291 on guomingzhedeMacBook-Air.local with PID 2584 (/Users/guomingzhe/javaProject/missyou/target/classes started by guomingzhe in /Users/guomingzhe/javaProject/missyou)
2021-09-28 10:58:25.799 [ background-preinit ] - [ INFO  ] [ org.hibernate.validator.internal.util.Version : 21 ] - HV000001: Hibernate Validator 6.2.0.Final
2021-09-28 10:58:25.801 [ main ] - [ INFO  ] [ com.guomz.missyou.MissyouApplication : 659 ] - No active profile set, falling back to default profiles: default
2021-09-28 10:58:27.913 [ main ] - [ INFO  ] [ org.apache.coyote.http11.Http11NioProtocol : 173 ] - Initializing ProtocolHandler ["http-nio-8080"]
2021-09-28 10:58:27.914 [ main ] - [ INFO  ] [ org.apache.catalina.core.StandardService : 173 ] - Starting service [Tomcat]
2021-09-28 10:58:27.915 [ main ] - [ INFO  ] [ org.apache.catalina.core.StandardEngine : 173 ] - Starting Servlet engine: [Apache Tomcat/9.0.52]
2021-09-28 10:58:27.994 [ main ] - [ INFO  ] [ o.a.c.core.ContainerBase.[Tomcat].[localhost].[/] : 173 ] - Initializing Spring embedded WebApplicationContext
2021-09-28 10:58:28.197 [ main ] - [ INFO  ] [ org.hibernate.jpa.internal.util.LogHelper : 31 ] - HHH000204: Processing PersistenceUnitInfo [name: default]
2021-09-28 10:58:28.223 [ main ] - [ INFO  ] [ org.hibernate.Version : 44 ] - HHH000412: Hibernate ORM core version 5.4.32.Final
2021-09-28 10:58:28.281 [ main ] - [ INFO  ] [ org.hibernate.annotations.common.Version : 56 ] - HCANN000001: Hibernate Commons Annotations {5.1.2.Final}
2021-09-28 10:58:28.357 [ main ] - [ INFO  ] [ com.alibaba.druid.pool.DruidDataSource : 990 ] - {dataSource-1} inited
2021-09-28 10:58:31.413 [ main ] - [ INFO  ] [ org.hibernate.dialect.Dialect : 175 ] - HHH000400: Using dialect: org.hibernate.dialect.MySQL8Dialect
2021-09-28 10:58:32.443 [ main ] - [ INFO  ] [ o.h.e.t.jta.platform.internal.JtaPlatformInitiator : 52 ] - HHH000490: Using JtaPlatform implementation: [org.hibernate.engine.transaction.jta.platform.internal.NoJtaPlatform]
2021-09-28 10:58:35.342 [ main ] - [ INFO  ] [ s.d.s.w.PropertySourcedRequestMappingHandlerMapping : 69 ] - Mapped URL path [/v2/api-docs] onto method [springfox.documentation.swagger2.web.Swagger2Controller#getDocumentation(String, HttpServletRequest)]
2021-09-28 10:58:35.688 [ main ] - [ INFO  ] [ org.apache.coyote.http11.Http11NioProtocol : 173 ] - Starting ProtocolHandler ["http-nio-8080"]
2021-09-28 10:58:35.700 [ main ] - [ INFO  ] [ s.d.s.web.plugins.DocumentationPluginsBootstrapper : 160 ] - Context refreshed
2021-09-28 10:58:35.709 [ main ] - [ INFO  ] [ s.d.s.web.plugins.DocumentationPluginsBootstrapper : 163 ] - Found 1 custom documentation plugin(s)
2021-09-28 10:58:35.727 [ main ] - [ INFO  ] [ s.d.spring.web.scanners.ApiListingReferenceScanner : 41 ] - Scanning for api listing references
2021-09-28 10:58:35.998 [ main ] - [ INFO  ] [ s.d.s.w.r.operation.CachingOperationNameGenerator : 40 ] - Generating unique operation named: getByCategoryUsingGET_1
2021-09-28 10:58:37.090 [ main ] - [ INFO  ] [ com.guomz.missyou.MissyouApplication : 61 ] - Started MissyouApplication in 11.63 seconds (JVM running for 12.577)
2021-09-28 10:58:44.189 [ SpringApplicationShutdownHook ] - [ INFO  ] [ com.alibaba.druid.pool.DruidDataSource : 2043 ] - {dataSource-1} closing ...
2021-09-28 10:58:44.201 [ SpringApplicationShutdownHook ] - [ INFO  ] [ com.alibaba.druid.pool.DruidDataSource : 2116 ] - {dataSource-1} closed
